<?xml version="1.0" encoding="UTF-8"?>
<!-- Generated by org.testng.reporters.JUnitReportReporter -->
<testsuite skipped="1" hostname="TL0020" name="testcase.CreateLeadTest" tests="1" failures="0" timestamp="2023-02-19T19:00:06 IST" time="0.000" errors="0">
  <testcase name="runCreateLead" time="0.000" classname="testcase.CreateLeadTest">
    <skipped/>
  </testcase> <!-- runCreateLead -->
  <system-out/>
</testsuite> <!-- testcase.CreateLeadTest -->
