<?xml version="1.0" encoding="UTF-8"?>
<!-- Generated by org.testng.reporters.JUnitReportReporter -->
<testsuite skipped="1" hostname="TL0020" name="testcase.LoginTest" tests="1" failures="0" timestamp="2023-02-19T19:00:06 IST" time="0.000" errors="0">
  <testcase name="runLoginTest" time="0.000" classname="testcase.LoginTest">
    <skipped/>
  </testcase> <!-- runLoginTest -->
  <system-out/>
</testsuite> <!-- testcase.LoginTest -->
